  [4;36;1mSQL (0.3ms)[0m   [0;1mSET NAMES 'utf8'[0m
  [4;35;1mSQL (0.2ms)[0m   [0mSET SQL_AUTO_IS_NULL=0[0m


Processing PatientProfilesController#new (for 192.168.1.100 at 2009-09-21 22:24:03) [GET]
  [4;36;1mUser Columns (0.9ms)[0m   [0;1mSHOW FIELDS FROM `users`[0m
  [4;35;1mUser Load (0.2ms)[0m   [0mSELECT * FROM `users` WHERE (`users`.`id` = 1) LIMIT 1[0m
  [4;36;1mPatientProfile Columns (1.6ms)[0m   [0;1mSHOW FIELDS FROM `patient_profiles`[0m
  [4;35;1mSQL (0.2ms)[0m   [0mSELECT count(*) AS count_all FROM `patient_profiles` [0m
  [4;36;1mPatientProfile Load (0.2ms)[0m   [0;1mSELECT * FROM `patient_profiles` ORDER BY patient_profiles.id DESC LIMIT 1[0m
  [4;35;1mCACHE (0.0ms)[0m   [0mSELECT * FROM `patient_profiles` ORDER BY patient_profiles.id DESC LIMIT 1[0m
Rendering template within layouts/patient_profiles
Rendering patient_profiles/new
DEPRECATION WARNING: formatted_reference_filter_cities_path() has been deprecated. Please pass format to the standard reference_filter_cities_path method instead.. (called from _run_erb_app47views47patient_profiles47new46html46erb at /var/rails/emd/app/views/patient_profiles/new.html.erb:72)
  [4;36;1mReferenceFilterState Load (0.0ms)[0m   [0;1mMysql::Error: Table 'emd_development.reference_filter_states' doesn't exist: SELECT * FROM `reference_filter_states` ORDER BY state[0m

ActionView::TemplateError (Mysql::Error: Table 'emd_development.reference_filter_states' doesn't exist: SELECT * FROM `reference_filter_states`  ORDER BY state) on line #76 of app/views/patient_profiles/new.html.erb:
73: 
74:             <label class="form-label">State/Province:</label>
75:             <%= 
76:               @t = ReferenceFilterState.find(:all, :order => "state").map { |u| [[u.state, " - ", u.description], u.state] }
77:               f.select(:state_province, @t, {}, {:tabindex=>13})
78:             %><br />
79: 

    app/views/patient_profiles/new.html.erb:76
    app/views/patient_profiles/new.html.erb:17
    app/controllers/patient_profiles_controller.rb:41:in `new'
    /usr/lib/ruby/1.8/webrick/httpserver.rb:104:in `service'
    /usr/lib/ruby/1.8/webrick/httpserver.rb:65:in `run'
    /usr/lib/ruby/1.8/webrick/server.rb:173:in `start_thread'
    /usr/lib/ruby/1.8/webrick/server.rb:162:in `start'
    /usr/lib/ruby/1.8/webrick/server.rb:162:in `start_thread'
    /usr/lib/ruby/1.8/webrick/server.rb:95:in `start'
    /usr/lib/ruby/1.8/webrick/server.rb:92:in `each'
    /usr/lib/ruby/1.8/webrick/server.rb:92:in `start'
    /usr/lib/ruby/1.8/webrick/server.rb:23:in `start'
    /usr/lib/ruby/1.8/webrick/server.rb:82:in `start'

Rendered rescues/_trace (88.2ms)
Rendered rescues/_request_and_response (2.1ms)
Rendering rescues/layout (internal_server_error)
